2017-10-26 11:32:44,580   GET     301      39 ms  /
2017-10-26 11:32:44,725   GET     301       0 ms  /
2017-10-26 11:32:44,815   GET     200      58 ms  /3/Cloud
2017-10-26 11:32:45,157   GET     404      31 ms  /3/Capabilities/API
2017-10-26 11:33:06,533   GET     301       0 ms  /
2017-10-26 11:33:06,579   GET     301       0 ms  /
2017-10-26 11:33:06,598   GET     200       1 ms  /3/Cloud
2017-10-26 11:33:06,617   GET     404       0 ms  /3/Capabilities/API
2017-10-26 11:33:18,518   GET     301       0 ms  /
2017-10-26 11:33:18,523   GET     301       0 ms  /
2017-10-26 11:33:18,537   GET     200       1 ms  /3/Cloud
2017-10-26 11:33:18,549   GET     404       4 ms  /3/Capabilities/API
2017-10-26 11:37:53,361   GET     301      20 ms  /
2017-10-26 11:37:53,371   GET     301       1 ms  /
2017-10-26 11:37:53,443   GET     200      60 ms  /3/Cloud
2017-10-26 11:37:53,490   GET     404      29 ms  /3/Capabilities/API
2017-10-26 11:38:05,849   GET     301       0 ms  /
2017-10-26 11:38:05,864   GET     301       0 ms  /
2017-10-26 11:38:05,880   GET     200       0 ms  /3/Cloud
2017-10-26 11:38:05,896   GET     404       0 ms  /3/Capabilities/API
2017-10-26 11:38:17,617   GET     301      16 ms  /
2017-10-26 11:38:17,626   GET     301       0 ms  /
2017-10-26 11:38:17,635   GET     200       1 ms  /3/Cloud
2017-10-26 11:38:17,657   GET     404       5 ms  /3/Capabilities/API
